<?xml version="1.0" encoding="UTF-8"?>
<!-- Generated by org.testng.reporters.JUnitReportReporter -->
<testsuite hostname="IBM-PF3XPG6J" failures="0" tests="1" name="learntestNG.Demo1" time="4.090" errors="0" timestamp="2024-10-11T19:00:37 IST" skipped="0">
  <testcase classname="learntestNG.Demo1" name="openGoogle" time="4.090"/>
  <system-out/>
</testsuite> <!-- learntestNG.Demo1 -->
