<?xml version="1.0" encoding="UTF-8"?>
<!-- Generated by org.testng.reporters.JUnitReportReporter -->
<testsuite hostname="IBM-PF3XPG6J" failures="0" tests="1" name="dataprovider.dataprovider" time="3.563" errors="0" timestamp="2024-10-11T19:00:37 IST" skipped="0">
  <testcase classname="dataprovider.dataprovider" name="login" time="3.563"/>
  <system-out/>
</testsuite> <!-- dataprovider.dataprovider -->
