<?xml version="1.0" encoding="UTF-8"?>
<!-- Generated by org.testng.reporters.JUnitReportReporter -->
<testsuite hostname="IBM-PF3XPG6J" failures="0" tests="4" name="learntestNG.Demo" time="17.639" errors="0" timestamp="2024-10-11T19:00:37 IST" skipped="0">
  <testcase classname="learntestNG.Demo" name="openapp" time="6.296"/>
  <system-out/>
  <testcase classname="learntestNG.Demo" name="logocheck" time="0.044"/>
  <system-out/>
  <testcase classname="learntestNG.Demo" name="login" time="4.359"/>
  <system-out/>
  <testcase classname="learntestNG.Demo" name="logout" time="6.940"/>
  <system-out/>
</testsuite> <!-- learntestNG.Demo -->
