<?xml version="1.0" encoding="UTF-8"?>
<!-- Generated by org.testng.reporters.JUnitReportReporter -->
<testsuite hostname="IBM-PF3XPG6J" failures="0" tests="1" name="learntestNG.Demo1" time="5.874" errors="0" timestamp="2024-10-11T20:42:26 IST" skipped="0">
  <testcase classname="learntestNG.Demo1" name="openGoogle" time="5.874"/>
</testsuite> <!-- learntestNG.Demo1 -->
